#
# An unexpected error has been detected by Java Runtime Environment:
#
#  EXCEPTION_ACCESS_VIOLATION (0xc0000005) at pc=0x6d8dc347, pid=4076, tid=3216
#
# Java VM: Java HotSpot(TM) Client VM (1.6.0_03-b05 mixed mode)
# Problematic frame:
# V  [jvm.dll+0x11c347]
#
# If you would like to submit a bug report, please visit:
#   http://java.sun.com/webapps/bugreport/crash.jsp
#

---------------  T H R E A D  ---------------

Current thread (0x0aa9f000):  VMThread [id=3216]

siginfo: ExceptionCode=0xc0000005, reading address 0x00000000

Registers:
EAX=0x00000000, EBX=0x06ba1928, ECX=0x0affb460, EDX=0x0aa9f540
ESP=0x0ab7fbe4, EBP=0x0aa9f924, ESI=0x003a3ce8, EDI=0x0aa9f110
EIP=0x6d8dc347, EFLAGS=0x00010206

Top of Stack: (sp=0x0ab7fbe4)
0x0ab7fbe4:   0ad9fc40 0aacf6a0 0af30bc0 0aac5018
0x0ab7fbf4:   0ab7ff70 06994028 06ba1928 0ad9fc40
0x0ab7fc04:   003a3ce8 0aa9f110 0aa9f118 0aa9f504
0x0ab7fc14:   00000010 00000000 6d90a636 00000010
0x0ab7fc24:   0aaa9250 00000001 0aa9f000 0aa9f510
0x0ab7fc34:   0aa9f530 0aa9f53c 0aa9f924 0ab7fcf8
0x0ab7fc44:   0affb460 6d8dcc07 6d8ff800 003a3ce8
0x0ab7fc54:   0aa9f118 0ad9fbf8 0aa9f110 6d8dcc3f 

Instructions: (pc=0x6d8dc347)
0x6d8dc337:   e8 44 02 f9 ff 85 c0 0f 84 3f 01 00 00 8b 40 04
0x6d8dc347:   8b 08 49 0f 88 1e 01 00 00 8b 40 0c 8d 14 88 8b 


Stack: [0x0ab30000,0x0ab80000),  sp=0x0ab7fbe4,  free space=318k
Native frames: (J=compiled Java code, j=interpreted, Vv=VM code, C=native code)
V  [jvm.dll+0x11c347]

VM_Operation (0x0ad9fbf8): change breakpoints, mode: safepoint, requested by thread 0x0aac1800


---------------  P R O C E S S  ---------------

Java Threads: ( => current thread )
  0x0af80400 JavaThread "ReaderThread" [_thread_in_native, id=4088]
  0x0aad3800 JavaThread "Low Memory Detector" daemon [_thread_blocked, id=3420]
  0x0aad2400 JavaThread "CompilerThread0" daemon [_thread_blocked, id=1708]
  0x0aac9c00 JavaThread "JDWP Command Reader" daemon [_thread_in_native, id=1976]
  0x0aac3c00 JavaThread "JDWP Event Helper Thread" daemon [_thread_blocked, id=724]
  0x0aac1800 JavaThread "JDWP Transport Listener: dt_socket" daemon [_thread_blocked, id=348]
  0x0aab6800 JavaThread "Attach Listener" daemon [_thread_blocked, id=2280]
  0x0aab5c00 JavaThread "Signal Dispatcher" daemon [_thread_blocked, id=1360]
  0x0aaa4800 JavaThread "Finalizer" daemon [_thread_blocked, id=2204]
  0x0aaa3800 JavaThread "Reference Handler" daemon [_thread_blocked, id=3468]
  0x003a6c00 JavaThread "main" [_thread_blocked, id=2184]

Other Threads:
=>0x0aa9f000 VMThread [id=3216]
  0x0aad5000 WatcherThread [id=1280]

VM state:at safepoint (normal execution)

VM Mutex/Monitor currently owned by a thread:  ([mutex/lock_event])
[0x003a58c8/0x00002f14] Threads_lock - owner thread: 0x0aa9f000

Heap
 def new generation   total 960K, used 226K [0x02990000, 0x02a90000, 0x02e70000)
  eden space 896K,  18% used [0x02990000, 0x029b8bf8, 0x02a70000)
  from space 64K, 100% used [0x02a80000, 0x02a90000, 0x02a90000)
  to   space 64K,   0% used [0x02a70000, 0x02a70000, 0x02a80000)
 tenured generation   total 4096K, used 305K [0x02e70000, 0x03270000, 0x06990000)
   the space 4096K,   7% used [0x02e70000, 0x02ebc770, 0x02ebc800, 0x03270000)
 compacting perm gen  total 12288K, used 3355K [0x06990000, 0x07590000, 0x0a990000)
   the space 12288K,  27% used [0x06990000, 0x06cd6c90, 0x06cd6e00, 0x07590000)
No shared spaces configured.

Dynamic libraries:
0x00400000 - 0x00423000 	C:\Program Files\Java\jre1.6.0_03\bin\javaw.exe
0x7c900000 - 0x7c9b0000 	C:\WINDOWS\system32\ntdll.dll
0x7c800000 - 0x7c8f5000 	C:\WINDOWS\system32\kernel32.dll
0x77dd0000 - 0x77e6b000 	C:\WINDOWS\system32\ADVAPI32.dll
0x77e70000 - 0x77f02000 	C:\WINDOWS\system32\RPCRT4.dll
0x77fe0000 - 0x77ff1000 	C:\WINDOWS\system32\Secur32.dll
0x7e410000 - 0x7e4a0000 	C:\WINDOWS\system32\USER32.dll
0x77f10000 - 0x77f57000 	C:\WINDOWS\system32\GDI32.dll
0x76390000 - 0x763ad000 	C:\WINDOWS\system32\IMM32.DLL
0x629c0000 - 0x629c9000 	C:\WINDOWS\system32\LPK.DLL
0x74d90000 - 0x74dfb000 	C:\WINDOWS\system32\USP10.dll
0x77c10000 - 0x77c68000 	C:\WINDOWS\system32\msvcrt.dll
0x7c340000 - 0x7c396000 	C:\Program Files\Java\jre1.6.0_03\bin\msvcr71.dll
0x6d7c0000 - 0x6da0a000 	C:\Program Files\Java\jre1.6.0_03\bin\client\jvm.dll
0x76b40000 - 0x76b6d000 	C:\WINDOWS\system32\WINMM.dll
0x5cd70000 - 0x5cd77000 	C:\WINDOWS\system32\serwvdrv.dll
0x5b0a0000 - 0x5b0a7000 	C:\WINDOWS\system32\umdmxfrm.dll
0x6d310000 - 0x6d318000 	C:\Program Files\Java\jre1.6.0_03\bin\hpi.dll
0x76bf0000 - 0x76bfb000 	C:\WINDOWS\system32\PSAPI.DLL
0x6d400000 - 0x6d429000 	C:\Program Files\Java\jre1.6.0_03\bin\jdwp.dll
0x6d6c0000 - 0x6d6c6000 	C:\Program Files\Java\jre1.6.0_03\bin\npt.dll
0x6d770000 - 0x6d77c000 	C:\Program Files\Java\jre1.6.0_03\bin\verify.dll
0x6d3b0000 - 0x6d3cf000 	C:\Program Files\Java\jre1.6.0_03\bin\java.dll
0x6d7b0000 - 0x6d7bf000 	C:\Program Files\Java\jre1.6.0_03\bin\zip.dll
0x6d280000 - 0x6d287000 	C:\Program Files\Java\jre1.6.0_03\bin\dt_socket.dll
0x71ab0000 - 0x71ac7000 	C:\WINDOWS\system32\WS2_32.dll
0x71aa0000 - 0x71aa8000 	C:\WINDOWS\system32\WS2HELP.dll
0x71a50000 - 0x71a8f000 	C:\WINDOWS\System32\mswsock.dll
0x76f20000 - 0x76f47000 	C:\WINDOWS\system32\DNSAPI.dll
0x76d60000 - 0x76d79000 	C:\WINDOWS\system32\iphlpapi.dll
0x76fb0000 - 0x76fb8000 	C:\WINDOWS\System32\winrnr.dll
0x76f60000 - 0x76f8c000 	C:\WINDOWS\system32\WLDAP32.dll
0x76fc0000 - 0x76fc6000 	C:\WINDOWS\system32\rasadhlp.dll
0x662b0000 - 0x66308000 	C:\WINDOWS\system32\hnetcfg.dll
0x71a90000 - 0x71a98000 	C:\WINDOWS\System32\wshtcpip.dll
0x6d570000 - 0x6d583000 	C:\Program Files\Java\jre1.6.0_03\bin\net.dll

VM Arguments:
jvm_args: -agentlib:jdwp=transport=dt_socket,suspend=y,address=localhost:1174 -Dfile.encoding=Cp1252
java_command: org.eclipse.jdt.internal.junit.runner.RemoteTestRunner -version 3 -port 1173 -testLoaderClass org.eclipse.jdt.internal.junit4.runner.JUnit4TestLoader -loaderpluginname org.eclipse.jdt.junit4.runtime -test fitlibrary.flow.TestDoAutoWrapper:mapIsAutoWrappedWithMapTraverse
Launcher Type: SUN_STANDARD

Environment Variables:
JAVA_HOME=C:\Program Files\Java\jdk1.6.0
CLASSPATH=.;C:\Program Files\Java\jre1.6.0_03\lib\ext\QTJava.zip
PATH=C:/Program Files/Java/jre1.6.0_03/bin/client;C:/Program Files/Java/jre1.6.0_03/bin;C:\Program Files\MiKTeX 2.5\miktex\bin;C:\WINDOWS\system32;C:\WINDOWS;C:\WINDOWS\System32\Wbem;C:\Program Files\Common Files\Roxio Shared\DLLShared\;C:\apache-ant-1.7.0\bin;C:\PROGRA~1\ATT\Graphviz\bin;C:\Program Files\Common Files\GTK\2.0\bin;C:\Program Files\QuickTime\QTSystem\;C:\Program Files\Git\cmd
USERNAME=RimuResearch
OS=Windows_NT
PROCESSOR_IDENTIFIER=x86 Family 6 Model 15 Stepping 7, GenuineIntel



---------------  S Y S T E M  ---------------

OS: Windows XP Build 2600 Service Pack 2

CPU:total 4 (4 cores per cpu, 1 threads per core) family 6 model 15 stepping 7, cmov, cx8, fxsr, mmx, sse, sse2, sse3, ssse3

Memory: 4k page, physical 2097151k(2097151k free), swap 4194303k(4126028k free)

vm_info: Java HotSpot(TM) Client VM (1.6.0_03-b05) for windows-x86, built on Sep 24 2007 22:24:33 by "java_re" with unknown MS VC++:1310

